Performing C SOURCE FILE Test CMAKE_HAVE_LIBC_PTHREAD failed with the following output:
Change Dir: /home/sholde/dev/master/poocs/tp/td1/build/CMakeFiles/CMakeTmp

Run Build Command(s):/usr/bin/make cmTC_10d11/fast && /usr/bin/make  -f CMakeFiles/cmTC_10d11.dir/build.make CMakeFiles/cmTC_10d11.dir/build
make[1] : on entre dans le répertoire « /home/sholde/dev/master/poocs/tp/td1/build/CMakeFiles/CMakeTmp »
Building C object CMakeFiles/cmTC_10d11.dir/src.c.o
/usr/bin/cc   -DCMAKE_HAVE_LIBC_PTHREAD -o CMakeFiles/cmTC_10d11.dir/src.c.o -c /home/sholde/dev/master/poocs/tp/td1/build/CMakeFiles/CMakeTmp/src.c
Linking C executable cmTC_10d11
/usr/bin/cmake -E cmake_link_script CMakeFiles/cmTC_10d11.dir/link.txt --verbose=1
/usr/bin/cc  -DCMAKE_HAVE_LIBC_PTHREAD -rdynamic CMakeFiles/cmTC_10d11.dir/src.c.o -o cmTC_10d11 
/usr/bin/ld : CMakeFiles/cmTC_10d11.dir/src.c.o : dans la fonction « main » :
src.c:(.text+0x3e) : référence indéfinie vers « pthread_create »
/usr/bin/ld : src.c:(.text+0x4a) : référence indéfinie vers « pthread_detach »
/usr/bin/ld : src.c:(.text+0x56) : référence indéfinie vers « pthread_cancel »
/usr/bin/ld : src.c:(.text+0x67) : référence indéfinie vers « pthread_join »
collect2: erreur: ld a retourné le statut de sortie 1
make[1]: *** [CMakeFiles/cmTC_10d11.dir/build.make:106 : cmTC_10d11] Erreur 1
make[1] : on quitte le répertoire « /home/sholde/dev/master/poocs/tp/td1/build/CMakeFiles/CMakeTmp »
make: *** [Makefile:140 : cmTC_10d11/fast] Erreur 2


Source file was:
#include <pthread.h>

void* test_func(void* data)
{
  return data;
}

int main(void)
{
  pthread_t thread;
  pthread_create(&thread, NULL, test_func, NULL);
  pthread_detach(thread);
  pthread_cancel(thread);
  pthread_join(thread, NULL);
  pthread_atfork(NULL, NULL, NULL);
  pthread_exit(NULL);

  return 0;
}

Determining if the function pthread_create exists in the pthreads failed with the following output:
Change Dir: /home/sholde/dev/master/poocs/tp/td1/build/CMakeFiles/CMakeTmp

Run Build Command(s):/usr/bin/make cmTC_290a1/fast && /usr/bin/make  -f CMakeFiles/cmTC_290a1.dir/build.make CMakeFiles/cmTC_290a1.dir/build
make[1] : on entre dans le répertoire « /home/sholde/dev/master/poocs/tp/td1/build/CMakeFiles/CMakeTmp »
Building C object CMakeFiles/cmTC_290a1.dir/CheckFunctionExists.c.o
/usr/bin/cc   -DCHECK_FUNCTION_EXISTS=pthread_create -o CMakeFiles/cmTC_290a1.dir/CheckFunctionExists.c.o -c /usr/share/cmake-3.18/Modules/CheckFunctionExists.c
Linking C executable cmTC_290a1
/usr/bin/cmake -E cmake_link_script CMakeFiles/cmTC_290a1.dir/link.txt --verbose=1
/usr/bin/cc  -DCHECK_FUNCTION_EXISTS=pthread_create -rdynamic CMakeFiles/cmTC_290a1.dir/CheckFunctionExists.c.o -o cmTC_290a1  -lpthreads 
/usr/bin/ld : ne peut trouver -lpthreads
collect2: erreur: ld a retourné le statut de sortie 1
make[1]: *** [CMakeFiles/cmTC_290a1.dir/build.make:106 : cmTC_290a1] Erreur 1
make[1] : on quitte le répertoire « /home/sholde/dev/master/poocs/tp/td1/build/CMakeFiles/CMakeTmp »
make: *** [Makefile:140 : cmTC_290a1/fast] Erreur 2



